0 verbose cli /usr/local/bin/node /usr/local/bin/npm
1 info using npm@11.6.2
2 info using node@v24.12.0
3 silly config load:file:/usr/local/lib/node_modules/npm/npmrc
4 silly config load:file:/Users/li/MyProjects/techshahnawaz/.npmrc
5 silly config load:file:/Users/li/.npmrc
6 silly config load:file:/usr/local/etc/npmrc
7 verbose title npm install tailwindcss @tailwindcss/cli
8 verbose argv "install" "tailwindcss" "@tailwindcss/cli"
9 verbose logfile logs-max:10 dir:/Users/li/MyProjects/techshahnawaz/.npm-cache/_logs/2026-07-11T17_31_44_441Z-
10 verbose logfile /Users/li/MyProjects/techshahnawaz/.npm-cache/_logs/2026-07-11T17_31_44_441Z-debug-0.log
11 silly logfile done cleaning log files
12 silly packumentCache heap:4496293888 maxSize:1124073472 maxEntrySize:562036736
13 silly idealTree buildDeps
14 silly fetch manifest tailwindcss@*
15 silly packumentCache full:https://registry.npmjs.org/tailwindcss cache-miss
16 http fetch GET 200 https://registry.npmjs.org/npm 221ms
17 http fetch GET 200 https://registry.npmjs.org/tailwindcss 355ms (cache miss)
18 silly packumentCache full:https://registry.npmjs.org/tailwindcss set size:undefined disposed:false
19 silly fetch manifest @tailwindcss/cli@*
20 silly packumentCache full:https://registry.npmjs.org/@tailwindcss%2fcli cache-miss
21 http fetch GET 200 https://registry.npmjs.org/@tailwindcss%2fcli 116ms (cache miss)
22 silly packumentCache full:https://registry.npmjs.org/@tailwindcss%2fcli set size:undefined disposed:false
23 silly placeDep ROOT @tailwindcss/cli@4.3.2 OK for: techshahnawaz@1.0.0 want: *
24 silly placeDep ROOT tailwindcss@4.3.2 OK for: techshahnawaz@1.0.0 want: *
25 silly fetch manifest mri@^1.2.0
26 silly packumentCache full:https://registry.npmjs.org/mri cache-miss
27 silly fetch manifest picocolors@^1.1.1
28 silly packumentCache full:https://registry.npmjs.org/picocolors cache-miss
29 silly fetch manifest tailwindcss@4.3.2
30 silly packumentCache full:https://registry.npmjs.org/tailwindcss cache-miss
31 silly fetch manifest @parcel/watcher@2.5.1
32 silly packumentCache full:https://registry.npmjs.org/@parcel%2fwatcher cache-miss
33 silly fetch manifest enhanced-resolve@5.21.6
34 silly packumentCache full:https://registry.npmjs.org/enhanced-resolve cache-miss
35 silly fetch manifest @tailwindcss/node@4.3.2
36 silly packumentCache full:https://registry.npmjs.org/@tailwindcss%2fnode cache-miss
37 silly fetch manifest @tailwindcss/oxide@4.3.2
38 silly packumentCache full:https://registry.npmjs.org/@tailwindcss%2foxide cache-miss
39 http fetch GET 200 https://registry.npmjs.org/picocolors 35ms (cache miss)
40 silly packumentCache full:https://registry.npmjs.org/picocolors set size:undefined disposed:false
41 http cache https://registry.npmjs.org/tailwindcss 64ms (cache hit)
42 silly packumentCache full:https://registry.npmjs.org/tailwindcss set size:10756033 disposed:false
43 http fetch GET 200 https://registry.npmjs.org/mri 221ms (cache miss)
44 silly packumentCache full:https://registry.npmjs.org/mri set size:undefined disposed:false
45 http fetch GET 200 https://registry.npmjs.org/enhanced-resolve 243ms (cache miss)
46 silly packumentCache full:https://registry.npmjs.org/enhanced-resolve set size:undefined disposed:false
47 http fetch GET 200 https://registry.npmjs.org/@tailwindcss%2fnode 300ms (cache miss)
48 silly packumentCache full:https://registry.npmjs.org/@tailwindcss%2fnode set size:undefined disposed:false
49 http fetch GET 200 https://registry.npmjs.org/@tailwindcss%2foxide 354ms (cache miss)
50 silly packumentCache full:https://registry.npmjs.org/@tailwindcss%2foxide set size:undefined disposed:false
51 http fetch GET 200 https://registry.npmjs.org/@parcel%2fwatcher 877ms (cache miss)
52 silly packumentCache full:https://registry.npmjs.org/@parcel%2fwatcher set size:undefined disposed:false
53 silly placeDep ROOT @parcel/watcher@2.5.1 OK for: @tailwindcss/cli@4.3.2 want: 2.5.1
54 silly placeDep ROOT @tailwindcss/node@4.3.2 OK for: @tailwindcss/cli@4.3.2 want: 4.3.2
55 silly placeDep ROOT @tailwindcss/oxide@4.3.2 OK for: @tailwindcss/cli@4.3.2 want: 4.3.2
56 silly placeDep ROOT enhanced-resolve@5.21.6 OK for: @tailwindcss/cli@4.3.2 want: 5.21.6
57 silly placeDep ROOT mri@1.2.0 OK for: @tailwindcss/cli@4.3.2 want: ^1.2.0
58 silly placeDep ROOT picocolors@1.1.1 OK for: @tailwindcss/cli@4.3.2 want: ^1.1.1
59 silly fetch manifest is-glob@^4.0.3
60 silly packumentCache full:https://registry.npmjs.org/is-glob cache-miss
61 silly fetch manifest micromatch@^4.0.5
62 silly packumentCache full:https://registry.npmjs.org/micromatch cache-miss
63 silly fetch manifest detect-libc@^1.0.3
64 silly packumentCache full:https://registry.npmjs.org/detect-libc cache-miss
65 silly fetch manifest node-addon-api@^7.0.0
66 silly packumentCache full:https://registry.npmjs.org/node-addon-api cache-miss
67 silly fetch manifest @parcel/watcher-win32-x64@2.5.1
68 silly packumentCache full:https://registry.npmjs.org/@parcel%2fwatcher-win32-x64 cache-miss
69 silly fetch manifest @parcel/watcher-darwin-x64@2.5.1
70 silly packumentCache full:https://registry.npmjs.org/@parcel%2fwatcher-darwin-x64 cache-miss
71 silly fetch manifest @parcel/watcher-win32-ia32@2.5.1
72 silly packumentCache full:https://registry.npmjs.org/@parcel%2fwatcher-win32-ia32 cache-miss
73 silly fetch manifest @parcel/watcher-freebsd-x64@2.5.1
74 silly packumentCache full:https://registry.npmjs.org/@parcel%2fwatcher-freebsd-x64 cache-miss
75 silly fetch manifest @parcel/watcher-win32-arm64@2.5.1
76 silly packumentCache full:https://registry.npmjs.org/@parcel%2fwatcher-win32-arm64 cache-miss
77 silly fetch manifest @parcel/watcher-darwin-arm64@2.5.1
78 silly packumentCache full:https://registry.npmjs.org/@parcel%2fwatcher-darwin-arm64 cache-miss
79 silly fetch manifest @parcel/watcher-android-arm64@2.5.1
80 silly packumentCache full:https://registry.npmjs.org/@parcel%2fwatcher-android-arm64 cache-miss
81 silly fetch manifest @parcel/watcher-linux-arm-musl@2.5.1
82 silly packumentCache full:https://registry.npmjs.org/@parcel%2fwatcher-linux-arm-musl cache-miss
83 silly fetch manifest @parcel/watcher-linux-x64-musl@2.5.1
84 silly packumentCache full:https://registry.npmjs.org/@parcel%2fwatcher-linux-x64-musl cache-miss
85 silly fetch manifest @parcel/watcher-linux-arm-glibc@2.5.1
86 silly packumentCache full:https://registry.npmjs.org/@parcel%2fwatcher-linux-arm-glibc cache-miss
87 silly fetch manifest @parcel/watcher-linux-x64-glibc@2.5.1
88 silly packumentCache full:https://registry.npmjs.org/@parcel%2fwatcher-linux-x64-glibc cache-miss
89 http fetch GET 200 https://registry.npmjs.org/is-glob 53ms (cache miss)
90 silly packumentCache full:https://registry.npmjs.org/is-glob set size:undefined disposed:false
91 silly fetch manifest @parcel/watcher-linux-arm64-musl@2.5.1
92 silly packumentCache full:https://registry.npmjs.org/@parcel%2fwatcher-linux-arm64-musl cache-miss
93 http fetch GET 200 https://registry.npmjs.org/detect-libc 55ms (cache miss)
94 silly packumentCache full:https://registry.npmjs.org/detect-libc set size:undefined disposed:false
95 silly fetch manifest @parcel/watcher-linux-arm64-glibc@2.5.1
96 silly packumentCache full:https://registry.npmjs.org/@parcel%2fwatcher-linux-arm64-glibc cache-miss
97 http fetch GET 200 https://registry.npmjs.org/@parcel%2fwatcher-win32-x64 99ms (cache miss)
98 silly packumentCache full:https://registry.npmjs.org/@parcel%2fwatcher-win32-x64 set size:undefined disposed:false
99 silly fetch manifest jiti@^2.7.0
100 silly packumentCache full:https://registry.npmjs.org/jiti cache-miss
101 http fetch GET 200 https://registry.npmjs.org/node-addon-api 101ms (cache miss)
102 silly packumentCache full:https://registry.npmjs.org/node-addon-api set size:undefined disposed:false
103 silly fetch manifest lightningcss@1.32.0
104 silly packumentCache full:https://registry.npmjs.org/lightningcss cache-miss
105 http fetch GET 200 https://registry.npmjs.org/@parcel%2fwatcher-darwin-x64 113ms (cache miss)
106 silly packumentCache full:https://registry.npmjs.org/@parcel%2fwatcher-darwin-x64 set size:undefined disposed:false
107 silly fetch manifest magic-string@^0.30.21
108 silly packumentCache full:https://registry.npmjs.org/magic-string cache-miss
109 http fetch GET 200 https://registry.npmjs.org/@parcel%2fwatcher-linux-arm64-musl 63ms (cache miss)
110 silly packumentCache full:https://registry.npmjs.org/@parcel%2fwatcher-linux-arm64-musl set size:undefined disposed:false
111 silly fetch manifest source-map-js@^1.2.1
112 silly packumentCache full:https://registry.npmjs.org/source-map-js cache-miss
113 http fetch GET 200 https://registry.npmjs.org/@parcel%2fwatcher-linux-arm64-glibc 77ms (cache miss)
114 silly packumentCache full:https://registry.npmjs.org/@parcel%2fwatcher-linux-arm64-glibc set size:undefined disposed:false
115 silly fetch manifest @jridgewell/remapping@^2.3.5
116 silly packumentCache full:https://registry.npmjs.org/@jridgewell%2fremapping cache-miss
117 http fetch GET 200 https://registry.npmjs.org/@parcel%2fwatcher-win32-ia32 142ms (cache miss)
118 silly packumentCache full:https://registry.npmjs.org/@parcel%2fwatcher-win32-ia32 set size:undefined disposed:false
119 silly fetch manifest @tailwindcss/oxide-darwin-x64@4.3.2
120 silly packumentCache full:https://registry.npmjs.org/@tailwindcss%2foxide-darwin-x64 cache-miss
121 http fetch GET 200 https://registry.npmjs.org/@parcel%2fwatcher-darwin-arm64 142ms (cache miss)
122 silly packumentCache full:https://registry.npmjs.org/@parcel%2fwatcher-darwin-arm64 set size:undefined disposed:false
123 silly fetch manifest @tailwindcss/oxide-freebsd-x64@4.3.2
124 silly packumentCache full:https://registry.npmjs.org/@tailwindcss%2foxide-freebsd-x64 cache-miss
125 http fetch GET 200 https://registry.npmjs.org/@parcel%2fwatcher-linux-arm-musl 147ms (cache miss)
126 silly packumentCache full:https://registry.npmjs.org/@parcel%2fwatcher-linux-arm-musl set size:undefined disposed:false
127 silly fetch manifest @tailwindcss/oxide-wasm32-wasi@4.3.2
128 silly packumentCache full:https://registry.npmjs.org/@tailwindcss%2foxide-wasm32-wasi cache-miss
129 http fetch GET 200 https://registry.npmjs.org/@parcel%2fwatcher-win32-arm64 153ms (cache miss)
130 silly packumentCache full:https://registry.npmjs.org/@parcel%2fwatcher-win32-arm64 set size:undefined disposed:false
131 silly fetch manifest @tailwindcss/oxide-darwin-arm64@4.3.2
132 silly packumentCache full:https://registry.npmjs.org/@tailwindcss%2foxide-darwin-arm64 cache-miss
133 http fetch GET 200 https://registry.npmjs.org/@parcel%2fwatcher-linux-x64-musl 154ms (cache miss)
134 silly packumentCache full:https://registry.npmjs.org/@parcel%2fwatcher-linux-x64-musl set size:undefined disposed:false
135 silly fetch manifest @tailwindcss/oxide-android-arm64@4.3.2
136 silly packumentCache full:https://registry.npmjs.org/@tailwindcss%2foxide-android-arm64 cache-miss
137 http fetch GET 200 https://registry.npmjs.org/source-map-js 47ms (cache miss)
138 silly packumentCache full:https://registry.npmjs.org/source-map-js set size:undefined disposed:false
139 silly fetch manifest @tailwindcss/oxide-linux-x64-gnu@4.3.2
140 silly packumentCache full:https://registry.npmjs.org/@tailwindcss%2foxide-linux-x64-gnu cache-miss
141 http fetch GET 200 https://registry.npmjs.org/lightningcss 62ms (cache miss)
142 silly packumentCache full:https://registry.npmjs.org/lightningcss set size:undefined disposed:false
143 silly fetch manifest @tailwindcss/oxide-linux-x64-musl@4.3.2
144 silly packumentCache full:https://registry.npmjs.org/@tailwindcss%2foxide-linux-x64-musl cache-miss
145 http fetch GET 200 https://registry.npmjs.org/jiti 75ms (cache miss)
146 silly packumentCache full:https://registry.npmjs.org/jiti set size:undefined disposed:false
147 silly fetch manifest @tailwindcss/oxide-win32-x64-msvc@4.3.2
148 silly packumentCache full:https://registry.npmjs.org/@tailwindcss%2foxide-win32-x64-msvc cache-miss
149 http fetch GET 200 https://registry.npmjs.org/@jridgewell%2fremapping 48ms (cache miss)
150 silly packumentCache full:https://registry.npmjs.org/@jridgewell%2fremapping set size:undefined disposed:false
151 silly fetch manifest @tailwindcss/oxide-linux-arm64-gnu@4.3.2
152 silly packumentCache full:https://registry.npmjs.org/@tailwindcss%2foxide-linux-arm64-gnu cache-miss
153 http fetch GET 200 https://registry.npmjs.org/magic-string 70ms (cache miss)
154 silly packumentCache full:https://registry.npmjs.org/magic-string set size:undefined disposed:false
155 silly fetch manifest @tailwindcss/oxide-linux-arm64-musl@4.3.2
156 silly packumentCache full:https://registry.npmjs.org/@tailwindcss%2foxide-linux-arm64-musl cache-miss
157 http fetch GET 200 https://registry.npmjs.org/micromatch 305ms (cache miss)
158 silly packumentCache full:https://registry.npmjs.org/micromatch set size:undefined disposed:false
159 silly fetch manifest @tailwindcss/oxide-win32-arm64-msvc@4.3.2
160 silly packumentCache full:https://registry.npmjs.org/@tailwindcss%2foxide-win32-arm64-msvc cache-miss
161 http fetch GET 200 https://registry.npmjs.org/@tailwindcss%2foxide-wasm32-wasi 180ms (cache miss)
162 silly packumentCache full:https://registry.npmjs.org/@tailwindcss%2foxide-wasm32-wasi set size:undefined disposed:false
163 silly fetch manifest @tailwindcss/oxide-linux-arm-gnueabihf@4.3.2
164 silly packumentCache full:https://registry.npmjs.org/@tailwindcss%2foxide-linux-arm-gnueabihf cache-miss
165 http fetch GET 200 https://registry.npmjs.org/@parcel%2fwatcher-linux-x64-glibc 347ms (cache miss)
166 silly packumentCache full:https://registry.npmjs.org/@parcel%2fwatcher-linux-x64-glibc set size:undefined disposed:false
167 silly fetch manifest tapable@^2.3.3
168 silly packumentCache full:https://registry.npmjs.org/tapable cache-miss
169 http fetch GET 200 https://registry.npmjs.org/@parcel%2fwatcher-linux-arm-glibc 361ms (cache miss)
170 silly packumentCache full:https://registry.npmjs.org/@parcel%2fwatcher-linux-arm-glibc set size:undefined disposed:false
171 silly fetch manifest graceful-fs@^4.2.4
172 silly packumentCache full:https://registry.npmjs.org/graceful-fs cache-miss
173 http fetch GET 200 https://registry.npmjs.org/@parcel%2fwatcher-freebsd-x64 397ms (cache miss)
174 silly packumentCache full:https://registry.npmjs.org/@parcel%2fwatcher-freebsd-x64 set size:undefined disposed:false
175 http fetch GET 200 https://registry.npmjs.org/@tailwindcss%2foxide-win32-x64-msvc 275ms (cache miss)
176 silly packumentCache full:https://registry.npmjs.org/@tailwindcss%2foxide-win32-x64-msvc set size:undefined disposed:false
177 http fetch GET 200 https://registry.npmjs.org/tapable 211ms (cache miss)
178 silly packumentCache full:https://registry.npmjs.org/tapable set size:undefined disposed:false
179 http fetch GET 200 https://registry.npmjs.org/graceful-fs 204ms (cache miss)
180 silly packumentCache full:https://registry.npmjs.org/graceful-fs set size:undefined disposed:false
181 http fetch GET 200 https://registry.npmjs.org/@tailwindcss%2foxide-linux-x64-gnu 444ms (cache miss)
182 silly packumentCache full:https://registry.npmjs.org/@tailwindcss%2foxide-linux-x64-gnu set size:undefined disposed:false
183 http fetch GET 200 https://registry.npmjs.org/@parcel%2fwatcher-android-arm64 655ms (cache miss)
184 silly packumentCache full:https://registry.npmjs.org/@parcel%2fwatcher-android-arm64 set size:undefined disposed:false
185 http fetch GET 200 https://registry.npmjs.org/@tailwindcss%2foxide-linux-x64-musl 531ms (cache miss)
186 silly packumentCache full:https://registry.npmjs.org/@tailwindcss%2foxide-linux-x64-musl set size:undefined disposed:false
187 http fetch GET 200 https://registry.npmjs.org/@tailwindcss%2foxide-android-arm64 579ms (cache miss)
188 silly packumentCache full:https://registry.npmjs.org/@tailwindcss%2foxide-android-arm64 set size:undefined disposed:false
189 http fetch GET 200 https://registry.npmjs.org/@tailwindcss%2foxide-freebsd-x64 737ms (cache miss)
190 silly packumentCache full:https://registry.npmjs.org/@tailwindcss%2foxide-freebsd-x64 set size:undefined disposed:false
191 http fetch GET 200 https://registry.npmjs.org/@tailwindcss%2foxide-linux-arm64-musl 713ms (cache miss)
192 silly packumentCache full:https://registry.npmjs.org/@tailwindcss%2foxide-linux-arm64-musl set size:undefined disposed:false
193 http fetch GET 200 https://registry.npmjs.org/@tailwindcss%2foxide-linux-arm64-gnu 746ms (cache miss)
194 silly packumentCache full:https://registry.npmjs.org/@tailwindcss%2foxide-linux-arm64-gnu set size:undefined disposed:false
195 http fetch GET 200 https://registry.npmjs.org/@tailwindcss%2foxide-darwin-x64 815ms (cache miss)
196 silly packumentCache full:https://registry.npmjs.org/@tailwindcss%2foxide-darwin-x64 set size:undefined disposed:false
197 http fetch GET 200 https://registry.npmjs.org/@tailwindcss%2foxide-darwin-arm64 823ms (cache miss)
198 silly packumentCache full:https://registry.npmjs.org/@tailwindcss%2foxide-darwin-arm64 set size:undefined disposed:false
199 http fetch GET 200 https://registry.npmjs.org/@tailwindcss%2foxide-linux-arm-gnueabihf 689ms (cache miss)
200 silly packumentCache full:https://registry.npmjs.org/@tailwindcss%2foxide-linux-arm-gnueabihf set size:undefined disposed:false
201 http fetch GET 200 https://registry.npmjs.org/@tailwindcss%2foxide-win32-arm64-msvc 747ms (cache miss)
202 silly packumentCache full:https://registry.npmjs.org/@tailwindcss%2foxide-win32-arm64-msvc set size:undefined disposed:false
203 silly placeDep ROOT @parcel/watcher-android-arm64@2.5.1 OK for: @parcel/watcher@2.5.1 want: 2.5.1
204 silly placeDep ROOT @parcel/watcher-darwin-arm64@2.5.1 OK for: @parcel/watcher@2.5.1 want: 2.5.1
205 silly placeDep ROOT @parcel/watcher-darwin-x64@2.5.1 OK for: @parcel/watcher@2.5.1 want: 2.5.1
206 silly placeDep ROOT @parcel/watcher-freebsd-x64@2.5.1 OK for: @parcel/watcher@2.5.1 want: 2.5.1
207 silly placeDep ROOT @parcel/watcher-linux-arm-glibc@2.5.1 OK for: @parcel/watcher@2.5.1 want: 2.5.1
208 silly placeDep ROOT @parcel/watcher-linux-arm-musl@2.5.1 OK for: @parcel/watcher@2.5.1 want: 2.5.1
209 silly placeDep ROOT @parcel/watcher-linux-arm64-glibc@2.5.1 OK for: @parcel/watcher@2.5.1 want: 2.5.1
210 silly placeDep ROOT @parcel/watcher-linux-arm64-musl@2.5.1 OK for: @parcel/watcher@2.5.1 want: 2.5.1
211 silly placeDep ROOT @parcel/watcher-linux-x64-glibc@2.5.1 OK for: @parcel/watcher@2.5.1 want: 2.5.1
212 silly placeDep ROOT @parcel/watcher-linux-x64-musl@2.5.1 OK for: @parcel/watcher@2.5.1 want: 2.5.1
213 silly placeDep ROOT @parcel/watcher-win32-arm64@2.5.1 OK for: @parcel/watcher@2.5.1 want: 2.5.1
214 silly placeDep ROOT @parcel/watcher-win32-ia32@2.5.1 OK for: @parcel/watcher@2.5.1 want: 2.5.1
215 silly placeDep ROOT @parcel/watcher-win32-x64@2.5.1 OK for: @parcel/watcher@2.5.1 want: 2.5.1
216 silly placeDep ROOT detect-libc@1.0.3 OK for: @parcel/watcher@2.5.1 want: ^1.0.3
217 silly placeDep ROOT is-glob@4.0.3 OK for: @parcel/watcher@2.5.1 want: ^4.0.3
218 silly placeDep ROOT micromatch@4.0.8 OK for: @parcel/watcher@2.5.1 want: ^4.0.5
219 silly placeDep ROOT node-addon-api@7.1.1 OK for: @parcel/watcher@2.5.1 want: ^7.0.0
220 silly fetch manifest is-extglob@^2.1.1
221 silly packumentCache full:https://registry.npmjs.org/is-extglob cache-miss
222 silly fetch manifest braces@^3.0.3
223 silly packumentCache full:https://registry.npmjs.org/braces cache-miss
224 silly fetch manifest picomatch@^2.3.1
225 silly packumentCache full:https://registry.npmjs.org/picomatch cache-miss
226 http fetch GET 200 https://registry.npmjs.org/is-extglob 31ms (cache miss)
227 silly packumentCache full:https://registry.npmjs.org/is-extglob set size:undefined disposed:false
228 http fetch GET 200 https://registry.npmjs.org/braces 32ms (cache miss)
229 silly packumentCache full:https://registry.npmjs.org/braces set size:undefined disposed:false
230 http fetch GET 200 https://registry.npmjs.org/picomatch 38ms (cache miss)
231 silly packumentCache full:https://registry.npmjs.org/picomatch set size:undefined disposed:false
232 silly placeDep ROOT @jridgewell/remapping@2.3.5 OK for: @tailwindcss/node@4.3.2 want: ^2.3.5
233 silly placeDep ROOT jiti@2.7.0 OK for: @tailwindcss/node@4.3.2 want: ^2.7.0
234 silly placeDep ROOT lightningcss@1.32.0 OK for: @tailwindcss/node@4.3.2 want: 1.32.0
235 silly placeDep ROOT magic-string@0.30.21 OK for: @tailwindcss/node@4.3.2 want: ^0.30.21
236 silly placeDep ROOT source-map-js@1.2.1 OK for: @tailwindcss/node@4.3.2 want: ^1.2.1
237 silly fetch manifest @jridgewell/gen-mapping@^0.3.5
238 silly packumentCache full:https://registry.npmjs.org/@jridgewell%2fgen-mapping cache-miss
239 silly fetch manifest @jridgewell/trace-mapping@^0.3.24
240 silly packumentCache full:https://registry.npmjs.org/@jridgewell%2ftrace-mapping cache-miss
241 silly fetch manifest detect-libc@^2.0.3
242 silly packumentCache full:https://registry.npmjs.org/detect-libc cache-miss
243 silly fetch manifest lightningcss-darwin-x64@1.32.0
244 silly packumentCache full:https://registry.npmjs.org/lightningcss-darwin-x64 cache-miss
245 silly fetch manifest lightningcss-linux-x64-gnu@1.32.0
246 silly packumentCache full:https://registry.npmjs.org/lightningcss-linux-x64-gnu cache-miss
247 silly fetch manifest lightningcss-win32-x64-msvc@1.32.0
248 silly packumentCache full:https://registry.npmjs.org/lightningcss-win32-x64-msvc cache-miss
249 silly fetch manifest lightningcss-win32-arm64-msvc@1.32.0
250 silly packumentCache full:https://registry.npmjs.org/lightningcss-win32-arm64-msvc cache-miss
251 silly fetch manifest lightningcss-darwin-arm64@1.32.0
252 silly packumentCache full:https://registry.npmjs.org/lightningcss-darwin-arm64 cache-miss
253 silly fetch manifest lightningcss-linux-arm64-gnu@1.32.0
254 silly packumentCache full:https://registry.npmjs.org/lightningcss-linux-arm64-gnu cache-miss
255 silly fetch manifest lightningcss-linux-arm-gnueabihf@1.32.0
256 silly packumentCache full:https://registry.npmjs.org/lightningcss-linux-arm-gnueabihf cache-miss
257 silly fetch manifest lightningcss-linux-arm64-musl@1.32.0
258 silly packumentCache full:https://registry.npmjs.org/lightningcss-linux-arm64-musl cache-miss
259 silly fetch manifest lightningcss-linux-x64-musl@1.32.0
260 silly packumentCache full:https://registry.npmjs.org/lightningcss-linux-x64-musl cache-miss
261 silly fetch manifest lightningcss-freebsd-x64@1.32.0
262 silly packumentCache full:https://registry.npmjs.org/lightningcss-freebsd-x64 cache-miss
263 silly fetch manifest lightningcss-android-arm64@1.32.0
264 silly packumentCache full:https://registry.npmjs.org/lightningcss-android-arm64 cache-miss
265 silly fetch manifest @jridgewell/sourcemap-codec@^1.5.5
266 silly packumentCache full:https://registry.npmjs.org/@jridgewell%2fsourcemap-codec cache-miss
267 http cache https://registry.npmjs.org/detect-libc 20ms (cache hit)
268 silly packumentCache full:https://registry.npmjs.org/detect-libc set size:47861 disposed:false
269 http fetch GET 200 https://registry.npmjs.org/lightningcss-darwin-x64 53ms (cache miss)
270 silly packumentCache full:https://registry.npmjs.org/lightningcss-darwin-x64 set size:undefined disposed:false
271 http fetch GET 200 https://registry.npmjs.org/lightningcss-win32-arm64-msvc 63ms (cache miss)
272 silly packumentCache full:https://registry.npmjs.org/lightningcss-win32-arm64-msvc set size:undefined disposed:false
273 http fetch GET 200 https://registry.npmjs.org/lightningcss-linux-x64-gnu 66ms (cache miss)
274 silly packumentCache full:https://registry.npmjs.org/lightningcss-linux-x64-gnu set size:undefined disposed:false
275 http fetch GET 200 https://registry.npmjs.org/lightningcss-android-arm64 64ms (cache miss)
276 silly packumentCache full:https://registry.npmjs.org/lightningcss-android-arm64 set size:undefined disposed:false
277 http fetch GET 200 https://registry.npmjs.org/lightningcss-freebsd-x64 65ms (cache miss)
278 silly packumentCache full:https://registry.npmjs.org/lightningcss-freebsd-x64 set size:undefined disposed:false
279 http fetch GET 200 https://registry.npmjs.org/@jridgewell%2fsourcemap-codec 65ms (cache miss)
280 silly packumentCache full:https://registry.npmjs.org/@jridgewell%2fsourcemap-codec set size:undefined disposed:false
281 http fetch GET 200 https://registry.npmjs.org/lightningcss-linux-arm64-gnu 70ms (cache miss)
282 silly packumentCache full:https://registry.npmjs.org/lightningcss-linux-arm64-gnu set size:undefined disposed:false
283 http fetch GET 200 https://registry.npmjs.org/lightningcss-win32-x64-msvc 72ms (cache miss)
284 silly packumentCache full:https://registry.npmjs.org/lightningcss-win32-x64-msvc set size:undefined disposed:false
285 http fetch GET 200 https://registry.npmjs.org/lightningcss-darwin-arm64 72ms (cache miss)
286 silly packumentCache full:https://registry.npmjs.org/lightningcss-darwin-arm64 set size:undefined disposed:false
287 http fetch GET 200 https://registry.npmjs.org/lightningcss-linux-arm-gnueabihf 73ms (cache miss)
288 silly packumentCache full:https://registry.npmjs.org/lightningcss-linux-arm-gnueabihf set size:undefined disposed:false
289 http fetch GET 200 https://registry.npmjs.org/lightningcss-linux-arm64-musl 74ms (cache miss)
290 silly packumentCache full:https://registry.npmjs.org/lightningcss-linux-arm64-musl set size:undefined disposed:false
291 http fetch GET 200 https://registry.npmjs.org/lightningcss-linux-x64-musl 74ms (cache miss)
292 silly packumentCache full:https://registry.npmjs.org/lightningcss-linux-x64-musl set size:undefined disposed:false
293 http fetch GET 200 https://registry.npmjs.org/@jridgewell%2ftrace-mapping 80ms (cache miss)
294 silly packumentCache full:https://registry.npmjs.org/@jridgewell%2ftrace-mapping set size:undefined disposed:false
295 http fetch GET 200 https://registry.npmjs.org/@jridgewell%2fgen-mapping 82ms (cache miss)
296 silly packumentCache full:https://registry.npmjs.org/@jridgewell%2fgen-mapping set size:undefined disposed:false
297 silly placeDep ROOT @jridgewell/gen-mapping@0.3.13 OK for: @jridgewell/remapping@2.3.5 want: ^0.3.5
298 silly placeDep ROOT @jridgewell/trace-mapping@0.3.31 OK for: @jridgewell/remapping@2.3.5 want: ^0.3.24
299 silly fetch manifest @jridgewell/sourcemap-codec@^1.5.0
300 silly packumentCache full:https://registry.npmjs.org/@jridgewell%2fsourcemap-codec cache-miss
301 silly fetch manifest @jridgewell/resolve-uri@^3.1.0
302 silly packumentCache full:https://registry.npmjs.org/@jridgewell%2fresolve-uri cache-miss
303 silly fetch manifest @jridgewell/sourcemap-codec@^1.4.14
304 silly packumentCache full:https://registry.npmjs.org/@jridgewell%2fsourcemap-codec cache-miss
305 http cache https://registry.npmjs.org/@jridgewell%2fsourcemap-codec 5ms (cache hit)
306 silly packumentCache full:https://registry.npmjs.org/@jridgewell%2fsourcemap-codec set size:51856 disposed:false
307 http cache https://registry.npmjs.org/@jridgewell%2fsourcemap-codec 8ms (cache hit)
308 silly packumentCache full:https://registry.npmjs.org/@jridgewell%2fsourcemap-codec set size:51856 disposed:false
309 silly packumentCache full:https://registry.npmjs.org/@jridgewell%2fsourcemap-codec dispose
310 http fetch GET 200 https://registry.npmjs.org/@jridgewell%2fresolve-uri 37ms (cache miss)
311 silly packumentCache full:https://registry.npmjs.org/@jridgewell%2fresolve-uri set size:undefined disposed:false
312 silly placeDep ROOT @jridgewell/sourcemap-codec@1.5.5 OK for: @jridgewell/gen-mapping@0.3.13 want: ^1.5.0
313 silly placeDep ROOT @jridgewell/resolve-uri@3.1.2 OK for: @jridgewell/trace-mapping@0.3.31 want: ^3.1.0
314 silly placeDep ROOT @tailwindcss/oxide-android-arm64@4.3.2 OK for: @tailwindcss/oxide@4.3.2 want: 4.3.2
315 silly placeDep ROOT @tailwindcss/oxide-darwin-arm64@4.3.2 OK for: @tailwindcss/oxide@4.3.2 want: 4.3.2
316 silly placeDep ROOT @tailwindcss/oxide-darwin-x64@4.3.2 OK for: @tailwindcss/oxide@4.3.2 want: 4.3.2
317 silly placeDep ROOT @tailwindcss/oxide-freebsd-x64@4.3.2 OK for: @tailwindcss/oxide@4.3.2 want: 4.3.2
318 silly placeDep ROOT @tailwindcss/oxide-linux-arm-gnueabihf@4.3.2 OK for: @tailwindcss/oxide@4.3.2 want: 4.3.2
319 silly placeDep ROOT @tailwindcss/oxide-linux-arm64-gnu@4.3.2 OK for: @tailwindcss/oxide@4.3.2 want: 4.3.2
320 silly placeDep ROOT @tailwindcss/oxide-linux-arm64-musl@4.3.2 OK for: @tailwindcss/oxide@4.3.2 want: 4.3.2
321 silly placeDep ROOT @tailwindcss/oxide-linux-x64-gnu@4.3.2 OK for: @tailwindcss/oxide@4.3.2 want: 4.3.2
322 silly placeDep ROOT @tailwindcss/oxide-linux-x64-musl@4.3.2 OK for: @tailwindcss/oxide@4.3.2 want: 4.3.2
323 silly placeDep ROOT @tailwindcss/oxide-wasm32-wasi@4.3.2 OK for: @tailwindcss/oxide@4.3.2 want: 4.3.2
324 silly placeDep ROOT @tailwindcss/oxide-win32-arm64-msvc@4.3.2 OK for: @tailwindcss/oxide@4.3.2 want: 4.3.2
325 silly placeDep ROOT @tailwindcss/oxide-win32-x64-msvc@4.3.2 OK for: @tailwindcss/oxide@4.3.2 want: 4.3.2
326 silly placeDep ROOT graceful-fs@4.2.11 OK for: enhanced-resolve@5.21.6 want: ^4.2.4
327 silly placeDep ROOT tapable@2.3.3 OK for: enhanced-resolve@5.21.6 want: ^2.3.3
328 silly placeDep ROOT is-extglob@2.1.1 OK for: is-glob@4.0.3 want: ^2.1.1
329 silly placeDep node_modules/lightningcss detect-libc@2.1.2 OK for: lightningcss@1.32.0 want: ^2.0.3
330 silly placeDep ROOT lightningcss-android-arm64@1.32.0 OK for: lightningcss@1.32.0 want: 1.32.0
331 silly placeDep ROOT lightningcss-darwin-arm64@1.32.0 OK for: lightningcss@1.32.0 want: 1.32.0
332 silly placeDep ROOT lightningcss-darwin-x64@1.32.0 OK for: lightningcss@1.32.0 want: 1.32.0
333 silly placeDep ROOT lightningcss-freebsd-x64@1.32.0 OK for: lightningcss@1.32.0 want: 1.32.0
334 silly placeDep ROOT lightningcss-linux-arm-gnueabihf@1.32.0 OK for: lightningcss@1.32.0 want: 1.32.0
335 silly placeDep ROOT lightningcss-linux-arm64-gnu@1.32.0 OK for: lightningcss@1.32.0 want: 1.32.0
336 silly placeDep ROOT lightningcss-linux-arm64-musl@1.32.0 OK for: lightningcss@1.32.0 want: 1.32.0
337 silly placeDep ROOT lightningcss-linux-x64-gnu@1.32.0 OK for: lightningcss@1.32.0 want: 1.32.0
338 silly placeDep ROOT lightningcss-linux-x64-musl@1.32.0 OK for: lightningcss@1.32.0 want: 1.32.0
339 silly placeDep ROOT lightningcss-win32-arm64-msvc@1.32.0 OK for: lightningcss@1.32.0 want: 1.32.0
340 silly placeDep ROOT lightningcss-win32-x64-msvc@1.32.0 OK for: lightningcss@1.32.0 want: 1.32.0
341 silly placeDep ROOT braces@3.0.3 OK for: micromatch@4.0.8 want: ^3.0.3
342 silly placeDep ROOT picomatch@2.3.2 OK for: micromatch@4.0.8 want: ^2.3.1
343 silly fetch manifest fill-range@^7.1.1
344 silly packumentCache full:https://registry.npmjs.org/fill-range cache-miss
345 http fetch GET 200 https://registry.npmjs.org/fill-range 28ms (cache miss)
346 silly packumentCache full:https://registry.npmjs.org/fill-range set size:undefined disposed:false
347 silly placeDep ROOT fill-range@7.1.1 OK for: braces@3.0.3 want: ^7.1.1
348 silly fetch manifest to-regex-range@^5.0.1
349 silly packumentCache full:https://registry.npmjs.org/to-regex-range cache-miss
350 http fetch GET 200 https://registry.npmjs.org/to-regex-range 27ms (cache miss)
351 silly packumentCache full:https://registry.npmjs.org/to-regex-range set size:undefined disposed:false
352 silly placeDep ROOT to-regex-range@5.0.1 OK for: fill-range@7.1.1 want: ^5.0.1
353 silly fetch manifest is-number@^7.0.0
354 silly packumentCache full:https://registry.npmjs.org/is-number cache-miss
355 http fetch GET 200 https://registry.npmjs.org/is-number 27ms (cache miss)
356 silly packumentCache full:https://registry.npmjs.org/is-number set size:undefined disposed:false
357 silly placeDep ROOT is-number@7.0.0 OK for: to-regex-range@5.0.1 want: ^7.0.0
358 silly reify moves {}
359 silly audit bulk request {
359 silly audit   '@tailwindcss/cli': [ '4.3.2' ],
359 silly audit   tailwindcss: [ '4.3.2' ],
359 silly audit   '@parcel/watcher': [ '2.5.1' ],
359 silly audit   '@tailwindcss/node': [ '4.3.2' ],
359 silly audit   '@tailwindcss/oxide': [ '4.3.2' ],
359 silly audit   'enhanced-resolve': [ '5.21.6' ],
359 silly audit   mri: [ '1.2.0' ],
359 silly audit   picocolors: [ '1.1.1' ],
359 silly audit   '@parcel/watcher-android-arm64': [ '2.5.1' ],
359 silly audit   '@parcel/watcher-darwin-arm64': [ '2.5.1' ],
359 silly audit   '@parcel/watcher-darwin-x64': [ '2.5.1' ],
359 silly audit   '@parcel/watcher-freebsd-x64': [ '2.5.1' ],
359 silly audit   '@parcel/watcher-linux-arm-glibc': [ '2.5.1' ],
359 silly audit   '@parcel/watcher-linux-arm-musl': [ '2.5.1' ],
359 silly audit   '@parcel/watcher-linux-arm64-glibc': [ '2.5.1' ],
359 silly audit   '@parcel/watcher-linux-arm64-musl': [ '2.5.1' ],
359 silly audit   '@parcel/watcher-linux-x64-glibc': [ '2.5.1' ],
359 silly audit   '@parcel/watcher-linux-x64-musl': [ '2.5.1' ],
359 silly audit   '@parcel/watcher-win32-arm64': [ '2.5.1' ],
359 silly audit   '@parcel/watcher-win32-ia32': [ '2.5.1' ],
359 silly audit   '@parcel/watcher-win32-x64': [ '2.5.1' ],
359 silly audit   'detect-libc': [ '1.0.3', '2.1.2' ],
359 silly audit   'is-glob': [ '4.0.3' ],
359 silly audit   micromatch: [ '4.0.8' ],
359 silly audit   'node-addon-api': [ '7.1.1' ],
359 silly audit   '@jridgewell/remapping': [ '2.3.5' ],
359 silly audit   jiti: [ '2.7.0' ],
359 silly audit   lightningcss: [ '1.32.0' ],
359 silly audit   'magic-string': [ '0.30.21' ],
359 silly audit   'source-map-js': [ '1.2.1' ],
359 silly audit   '@jridgewell/gen-mapping': [ '0.3.13' ],
359 silly audit   '@jridgewell/trace-mapping': [ '0.3.31' ],
359 silly audit   '@jridgewell/sourcemap-codec': [ '1.5.5' ],
359 silly audit   '@jridgewell/resolve-uri': [ '3.1.2' ],
359 silly audit   '@tailwindcss/oxide-android-arm64': [ '4.3.2' ],
359 silly audit   '@tailwindcss/oxide-darwin-arm64': [ '4.3.2' ],
359 silly audit   '@tailwindcss/oxide-darwin-x64': [ '4.3.2' ],
359 silly audit   '@tailwindcss/oxide-freebsd-x64': [ '4.3.2' ],
359 silly audit   '@tailwindcss/oxide-linux-arm-gnueabihf': [ '4.3.2' ],
359 silly audit   '@tailwindcss/oxide-linux-arm64-gnu': [ '4.3.2' ],
359 silly audit   '@tailwindcss/oxide-linux-arm64-musl': [ '4.3.2' ],
359 silly audit   '@tailwindcss/oxide-linux-x64-gnu': [ '4.3.2' ],
359 silly audit   '@tailwindcss/oxide-linux-x64-musl': [ '4.3.2' ],
359 silly audit   '@tailwindcss/oxide-wasm32-wasi': [ '4.3.2' ],
359 silly audit   '@tailwindcss/oxide-win32-arm64-msvc': [ '4.3.2' ],
359 silly audit   '@tailwindcss/oxide-win32-x64-msvc': [ '4.3.2' ],
359 silly audit   'graceful-fs': [ '4.2.11' ],
359 silly audit   tapable: [ '2.3.3' ],
359 silly audit   'is-extglob': [ '2.1.1' ],
359 silly audit   'lightningcss-android-arm64': [ '1.32.0' ],
359 silly audit   'lightningcss-darwin-arm64': [ '1.32.0' ],
359 silly audit   'lightningcss-darwin-x64': [ '1.32.0' ],
359 silly audit   'lightningcss-freebsd-x64': [ '1.32.0' ],
359 silly audit   'lightningcss-linux-arm-gnueabihf': [ '1.32.0' ],
359 silly audit   'lightningcss-linux-arm64-gnu': [ '1.32.0' ],
359 silly audit   'lightningcss-linux-arm64-musl': [ '1.32.0' ],
359 silly audit   'lightningcss-linux-x64-gnu': [ '1.32.0' ],
359 silly audit   'lightningcss-linux-x64-musl': [ '1.32.0' ],
359 silly audit   'lightningcss-win32-arm64-msvc': [ '1.32.0' ],
359 silly audit   'lightningcss-win32-x64-msvc': [ '1.32.0' ],
359 silly audit   braces: [ '3.0.3' ],
359 silly audit   picomatch: [ '2.3.2' ],
359 silly audit   'fill-range': [ '7.1.1' ],
359 silly audit   'to-regex-range': [ '5.0.1' ],
359 silly audit   'is-number': [ '7.0.0' ]
359 silly audit }
360 http cache is-number@https://registry.npmjs.org/is-number/-/is-number-7.0.0.tgz 0ms (cache hit)
361 http cache to-regex-range@https://registry.npmjs.org/to-regex-range/-/to-regex-range-5.0.1.tgz 0ms (cache hit)
362 http cache picomatch@https://registry.npmjs.org/picomatch/-/picomatch-2.3.2.tgz 0ms (cache hit)
363 http cache lightningcss-darwin-x64@https://registry.npmjs.org/lightningcss-darwin-x64/-/lightningcss-darwin-x64-1.32.0.tgz 0ms (cache hit)
364 http cache is-extglob@https://registry.npmjs.org/is-extglob/-/is-extglob-2.1.1.tgz 1ms (cache hit)
365 http cache tapable@https://registry.npmjs.org/tapable/-/tapable-2.3.3.tgz 0ms (cache hit)
366 http cache fill-range@https://registry.npmjs.org/fill-range/-/fill-range-7.1.1.tgz 0ms (cache hit)
367 http cache braces@https://registry.npmjs.org/braces/-/braces-3.0.3.tgz 0ms (cache hit)
368 http cache @jridgewell/resolve-uri@https://registry.npmjs.org/@jridgewell/resolve-uri/-/resolve-uri-3.1.2.tgz 0ms (cache hit)
369 http cache graceful-fs@https://registry.npmjs.org/graceful-fs/-/graceful-fs-4.2.11.tgz 0ms (cache hit)
370 http cache @tailwindcss/oxide-darwin-x64@https://registry.npmjs.org/@tailwindcss/oxide-darwin-x64/-/oxide-darwin-x64-4.3.2.tgz 0ms (cache hit)
371 http cache @jridgewell/sourcemap-codec@https://registry.npmjs.org/@jridgewell/sourcemap-codec/-/sourcemap-codec-1.5.5.tgz 0ms (cache hit)
372 http cache @jridgewell/gen-mapping@https://registry.npmjs.org/@jridgewell/gen-mapping/-/gen-mapping-0.3.13.tgz 0ms (cache hit)
373 http cache @jridgewell/trace-mapping@https://registry.npmjs.org/@jridgewell/trace-mapping/-/trace-mapping-0.3.31.tgz 0ms (cache hit)
374 http cache magic-string@https://registry.npmjs.org/magic-string/-/magic-string-0.30.21.tgz 0ms (cache hit)
375 http cache source-map-js@https://registry.npmjs.org/source-map-js/-/source-map-js-1.2.1.tgz 0ms (cache hit)
376 http cache jiti@https://registry.npmjs.org/jiti/-/jiti-2.7.0.tgz 0ms (cache hit)
377 http cache @jridgewell/remapping@https://registry.npmjs.org/@jridgewell/remapping/-/remapping-2.3.5.tgz 0ms (cache hit)
378 http cache node-addon-api@https://registry.npmjs.org/node-addon-api/-/node-addon-api-7.1.1.tgz 0ms (cache hit)
379 http cache lightningcss@https://registry.npmjs.org/lightningcss/-/lightningcss-1.32.0.tgz 0ms (cache hit)
380 http cache is-glob@https://registry.npmjs.org/is-glob/-/is-glob-4.0.3.tgz 0ms (cache hit)
381 http cache detect-libc@https://registry.npmjs.org/detect-libc/-/detect-libc-1.0.3.tgz 0ms (cache hit)
382 http cache @parcel/watcher-darwin-x64@https://registry.npmjs.org/@parcel/watcher-darwin-x64/-/watcher-darwin-x64-2.5.1.tgz 0ms (cache hit)
383 http cache picocolors@https://registry.npmjs.org/picocolors/-/picocolors-1.1.1.tgz 0ms (cache hit)
384 http cache mri@https://registry.npmjs.org/mri/-/mri-1.2.0.tgz 0ms (cache hit)
385 http cache micromatch@https://registry.npmjs.org/micromatch/-/micromatch-4.0.8.tgz 0ms (cache hit)
386 http cache enhanced-resolve@https://registry.npmjs.org/enhanced-resolve/-/enhanced-resolve-5.21.6.tgz 0ms (cache hit)
387 http cache @tailwindcss/oxide@https://registry.npmjs.org/@tailwindcss/oxide/-/oxide-4.3.2.tgz 0ms (cache hit)
388 http cache @tailwindcss/node@https://registry.npmjs.org/@tailwindcss/node/-/node-4.3.2.tgz 0ms (cache hit)
389 http cache tailwindcss@https://registry.npmjs.org/tailwindcss/-/tailwindcss-4.3.2.tgz 0ms (cache hit)
390 http cache @tailwindcss/cli@https://registry.npmjs.org/@tailwindcss/cli/-/cli-4.3.2.tgz 0ms (cache hit)
391 http cache @parcel/watcher@https://registry.npmjs.org/@parcel/watcher/-/watcher-2.5.1.tgz 0ms (cache hit)
392 silly tarball no local data for is-number@https://registry.npmjs.org/is-number/-/is-number-7.0.0.tgz. Extracting by manifest.
393 http cache detect-libc@https://registry.npmjs.org/detect-libc/-/detect-libc-2.1.2.tgz 0ms (cache hit)
394 silly tarball no local data for to-regex-range@https://registry.npmjs.org/to-regex-range/-/to-regex-range-5.0.1.tgz. Extracting by manifest.
395 silly tarball no local data for picomatch@https://registry.npmjs.org/picomatch/-/picomatch-2.3.2.tgz. Extracting by manifest.
396 silly tarball no local data for lightningcss-darwin-x64@https://registry.npmjs.org/lightningcss-darwin-x64/-/lightningcss-darwin-x64-1.32.0.tgz. Extracting by manifest.
397 silly tarball no local data for is-extglob@https://registry.npmjs.org/is-extglob/-/is-extglob-2.1.1.tgz. Extracting by manifest.
398 silly tarball no local data for tapable@https://registry.npmjs.org/tapable/-/tapable-2.3.3.tgz. Extracting by manifest.
399 silly tarball no local data for fill-range@https://registry.npmjs.org/fill-range/-/fill-range-7.1.1.tgz. Extracting by manifest.
400 silly tarball no local data for braces@https://registry.npmjs.org/braces/-/braces-3.0.3.tgz. Extracting by manifest.
401 silly tarball no local data for @jridgewell/resolve-uri@https://registry.npmjs.org/@jridgewell/resolve-uri/-/resolve-uri-3.1.2.tgz. Extracting by manifest.
402 silly tarball no local data for graceful-fs@https://registry.npmjs.org/graceful-fs/-/graceful-fs-4.2.11.tgz. Extracting by manifest.
403 silly tarball no local data for @tailwindcss/oxide-darwin-x64@https://registry.npmjs.org/@tailwindcss/oxide-darwin-x64/-/oxide-darwin-x64-4.3.2.tgz. Extracting by manifest.
404 silly tarball no local data for @jridgewell/sourcemap-codec@https://registry.npmjs.org/@jridgewell/sourcemap-codec/-/sourcemap-codec-1.5.5.tgz. Extracting by manifest.
405 silly tarball no local data for @jridgewell/gen-mapping@https://registry.npmjs.org/@jridgewell/gen-mapping/-/gen-mapping-0.3.13.tgz. Extracting by manifest.
406 silly tarball no local data for @jridgewell/trace-mapping@https://registry.npmjs.org/@jridgewell/trace-mapping/-/trace-mapping-0.3.31.tgz. Extracting by manifest.
407 silly tarball no local data for magic-string@https://registry.npmjs.org/magic-string/-/magic-string-0.30.21.tgz. Extracting by manifest.
408 silly tarball no local data for source-map-js@https://registry.npmjs.org/source-map-js/-/source-map-js-1.2.1.tgz. Extracting by manifest.
409 silly tarball no local data for jiti@https://registry.npmjs.org/jiti/-/jiti-2.7.0.tgz. Extracting by manifest.
410 silly tarball no local data for @jridgewell/remapping@https://registry.npmjs.org/@jridgewell/remapping/-/remapping-2.3.5.tgz. Extracting by manifest.
411 silly tarball no local data for node-addon-api@https://registry.npmjs.org/node-addon-api/-/node-addon-api-7.1.1.tgz. Extracting by manifest.
412 silly tarball no local data for lightningcss@https://registry.npmjs.org/lightningcss/-/lightningcss-1.32.0.tgz. Extracting by manifest.
413 silly tarball no local data for is-glob@https://registry.npmjs.org/is-glob/-/is-glob-4.0.3.tgz. Extracting by manifest.
414 silly tarball no local data for detect-libc@https://registry.npmjs.org/detect-libc/-/detect-libc-1.0.3.tgz. Extracting by manifest.
415 silly tarball no local data for @parcel/watcher-darwin-x64@https://registry.npmjs.org/@parcel/watcher-darwin-x64/-/watcher-darwin-x64-2.5.1.tgz. Extracting by manifest.
416 silly tarball no local data for picocolors@https://registry.npmjs.org/picocolors/-/picocolors-1.1.1.tgz. Extracting by manifest.
417 silly tarball no local data for mri@https://registry.npmjs.org/mri/-/mri-1.2.0.tgz. Extracting by manifest.
418 silly tarball no local data for micromatch@https://registry.npmjs.org/micromatch/-/micromatch-4.0.8.tgz. Extracting by manifest.
419 silly tarball no local data for enhanced-resolve@https://registry.npmjs.org/enhanced-resolve/-/enhanced-resolve-5.21.6.tgz. Extracting by manifest.
420 silly tarball no local data for @tailwindcss/oxide@https://registry.npmjs.org/@tailwindcss/oxide/-/oxide-4.3.2.tgz. Extracting by manifest.
421 silly tarball no local data for @tailwindcss/node@https://registry.npmjs.org/@tailwindcss/node/-/node-4.3.2.tgz. Extracting by manifest.
422 silly tarball no local data for tailwindcss@https://registry.npmjs.org/tailwindcss/-/tailwindcss-4.3.2.tgz. Extracting by manifest.
423 silly tarball no local data for @tailwindcss/cli@https://registry.npmjs.org/@tailwindcss/cli/-/cli-4.3.2.tgz. Extracting by manifest.
424 silly tarball no local data for @parcel/watcher@https://registry.npmjs.org/@parcel/watcher/-/watcher-2.5.1.tgz. Extracting by manifest.
425 silly tarball no local data for detect-libc@https://registry.npmjs.org/detect-libc/-/detect-libc-2.1.2.tgz. Extracting by manifest.
426 http fetch GET 200 https://registry.npmjs.org/is-number/-/is-number-7.0.0.tgz 107ms (cache miss)
427 http fetch GET 200 https://registry.npmjs.org/to-regex-range/-/to-regex-range-5.0.1.tgz 111ms (cache miss)
428 http fetch GET 200 https://registry.npmjs.org/is-extglob/-/is-extglob-2.1.1.tgz 112ms (cache miss)
429 http fetch GET 200 https://registry.npmjs.org/graceful-fs/-/graceful-fs-4.2.11.tgz 121ms (cache miss)
430 http fetch GET 200 https://registry.npmjs.org/@jridgewell/resolve-uri/-/resolve-uri-3.1.2.tgz 123ms (cache miss)
431 http fetch GET 200 https://registry.npmjs.org/fill-range/-/fill-range-7.1.1.tgz 125ms (cache miss)
432 http fetch GET 200 https://registry.npmjs.org/braces/-/braces-3.0.3.tgz 141ms (cache miss)
433 http fetch GET 200 https://registry.npmjs.org/picomatch/-/picomatch-2.3.2.tgz 149ms (cache miss)
434 http fetch GET 200 https://registry.npmjs.org/is-glob/-/is-glob-4.0.3.tgz 190ms (cache miss)
435 http fetch GET 200 https://registry.npmjs.org/mri/-/mri-1.2.0.tgz 196ms (cache miss)
436 http fetch GET 200 https://registry.npmjs.org/picocolors/-/picocolors-1.1.1.tgz 197ms (cache miss)
437 http fetch GET 200 https://registry.npmjs.org/detect-libc/-/detect-libc-1.0.3.tgz 205ms (cache miss)
438 http fetch GET 200 https://registry.npmjs.org/micromatch/-/micromatch-4.0.8.tgz 203ms (cache miss)
439 http fetch GET 200 https://registry.npmjs.org/tapable/-/tapable-2.3.3.tgz 216ms (cache miss)
440 http fetch POST 200 https://registry.npmjs.org/-/npm/v1/security/advisories/bulk 271ms
441 silly audit report {}
442 http fetch GET 200 https://registry.npmjs.org/source-map-js/-/source-map-js-1.2.1.tgz 235ms (cache miss)
443 http fetch GET 200 https://registry.npmjs.org/node-addon-api/-/node-addon-api-7.1.1.tgz 240ms (cache miss)
444 http fetch GET 200 https://registry.npmjs.org/@jridgewell/sourcemap-codec/-/sourcemap-codec-1.5.5.tgz 252ms (cache miss)
445 http fetch GET 200 https://registry.npmjs.org/magic-string/-/magic-string-0.30.21.tgz 257ms (cache miss)
446 http fetch GET 200 https://registry.npmjs.org/@tailwindcss/oxide/-/oxide-4.3.2.tgz 255ms (cache miss)
447 http fetch GET 200 https://registry.npmjs.org/lightningcss/-/lightningcss-1.32.0.tgz 264ms (cache miss)
448 http fetch GET 200 https://registry.npmjs.org/@jridgewell/gen-mapping/-/gen-mapping-0.3.13.tgz 271ms (cache miss)
449 http fetch GET 200 https://registry.npmjs.org/@jridgewell/remapping/-/remapping-2.3.5.tgz 273ms (cache miss)
450 http fetch GET 200 https://registry.npmjs.org/@tailwindcss/node/-/node-4.3.2.tgz 271ms (cache miss)
451 http fetch GET 200 https://registry.npmjs.org/detect-libc/-/detect-libc-2.1.2.tgz 272ms (cache miss)
452 http fetch GET 200 https://registry.npmjs.org/@jridgewell/trace-mapping/-/trace-mapping-0.3.31.tgz 309ms (cache miss)
453 http fetch GET 200 https://registry.npmjs.org/@parcel/watcher/-/watcher-2.5.1.tgz 331ms (cache miss)
454 http fetch GET 200 https://registry.npmjs.org/enhanced-resolve/-/enhanced-resolve-5.21.6.tgz 337ms (cache miss)
455 http fetch GET 200 https://registry.npmjs.org/tailwindcss/-/tailwindcss-4.3.2.tgz 381ms (cache miss)
456 http fetch GET 200 https://registry.npmjs.org/jiti/-/jiti-2.7.0.tgz 483ms (cache miss)
457 http fetch GET 200 https://registry.npmjs.org/@tailwindcss/cli/-/cli-4.3.2.tgz 524ms (cache miss)
458 http fetch GET 200 https://registry.npmjs.org/@parcel/watcher-darwin-x64/-/watcher-darwin-x64-2.5.1.tgz 560ms (cache miss)
459 http fetch GET 200 https://registry.npmjs.org/@tailwindcss/oxide-darwin-x64/-/oxide-darwin-x64-4.3.2.tgz 1089ms (cache miss)
460 http fetch GET 200 https://registry.npmjs.org/lightningcss-darwin-x64/-/lightningcss-darwin-x64-1.32.0.tgz 1553ms (cache miss)
461 info run @parcel/watcher@2.5.1 install node_modules/@parcel/watcher node scripts/build-from-source.js
462 info run @parcel/watcher@2.5.1 install { code: 0, signal: null }
463 silly ADD node_modules/is-number
464 silly ADD node_modules/to-regex-range
465 silly ADD node_modules/fill-range
466 silly ADD node_modules/picomatch
467 silly ADD node_modules/braces
468 silly ADD node_modules/lightningcss-darwin-x64
469 silly ADD node_modules/is-extglob
470 silly ADD node_modules/tapable
471 silly ADD node_modules/graceful-fs
472 silly ADD node_modules/@tailwindcss/oxide-darwin-x64
473 silly ADD node_modules/@jridgewell/resolve-uri
474 silly ADD node_modules/@jridgewell/sourcemap-codec
475 silly ADD node_modules/@jridgewell/trace-mapping
476 silly ADD node_modules/@jridgewell/gen-mapping
477 silly ADD node_modules/source-map-js
478 silly ADD node_modules/magic-string
479 silly ADD node_modules/lightningcss
480 silly ADD node_modules/lightningcss/node_modules/detect-libc
481 silly ADD node_modules/jiti
482 silly ADD node_modules/@jridgewell/remapping
483 silly ADD node_modules/node-addon-api
484 silly ADD node_modules/micromatch
485 silly ADD node_modules/is-glob
486 silly ADD node_modules/detect-libc
487 silly ADD node_modules/@parcel/watcher-darwin-x64
488 silly ADD node_modules/picocolors
489 silly ADD node_modules/mri
490 silly ADD node_modules/enhanced-resolve
491 silly ADD node_modules/@tailwindcss/oxide
492 silly ADD node_modules/@tailwindcss/node
493 silly ADD node_modules/@parcel/watcher
494 silly ADD node_modules/tailwindcss
495 silly ADD node_modules/@tailwindcss/cli
496 verbose cwd /Users/li/MyProjects/techshahnawaz
497 verbose os Darwin 25.5.0
498 verbose node v24.12.0
499 verbose npm  v11.6.2
500 notice
500 notice New [33mminor[39m version of npm available! [33m11.6.2[39m -> [34m11.18.0[39m
500 notice Changelog: [34mhttps://github.com/npm/cli/releases/tag/v11.18.0[39m
500 notice To update run: [4mnpm install -g npm@11.18.0[24m
500 notice  { force: true, Symbol(proc-log.meta): true }
501 verbose exit 0
502 info ok
